2023-10-29 12:57:32,409 [Worker-6: Loading available Gradle versions] INFO  o.e.b.c.i.u.g.PublishedGradleVersions - Gradle version information cache is up-to-date. Trying to read.
2023-10-29 12:58:02,129 [Worker-3: Updating Maven Dependencies] INFO  o.e.m.c.i.l.LifecycleMappingFactory - Using org.maven.ide.eclipse.wtp.WarLifecycleMapping lifecycle mapping for MavenProject: com.projectTwo:AS_PMT_Chat:0.0.1-SNAPSHOT @ F:\UNI\ABS_PMT\workspace-spring-tool-suite-4-4.18.1.RELEASE\AS_PMT_Chat\pom.xml.
2023-10-29 12:58:04,810 [Worker-7: Building] INFO  o.a.m.s.f.DefaultMavenResourcesFiltering - Copying 1 resource from src\main\resources to target\classes
2023-10-29 12:58:04,833 [Worker-7: Building] INFO  o.a.m.s.f.DefaultMavenResourcesFiltering - Copying 0 resource from src\main\resources to target\classes
2023-10-29 12:58:04,841 [Worker-7: Building] INFO  o.a.m.s.f.DefaultMavenResourcesFiltering - skip non existing resourceDirectory F:\UNI\ABS_PMT\workspace-spring-tool-suite-4-4.18.1.RELEASE\AS_PMT_Chat\src\test\resources
2023-10-29 12:58:06,013 [Worker-7: Building] INFO  o.e.m.c.i.l.LifecycleMappingFactory - Using org.eclipse.m2e.jdt.JarLifecycleMapping lifecycle mapping for MavenProject: com.projectTwo:ASPMT-GATEWAY:0.0.1-SNAPSHOT @ F:\UNI\ABS_PMT\workspace-spring-tool-suite-4-4.18.1.RELEASE\AS_PMT_Gateway\pom.xml.
2023-10-29 12:58:06,319 [Worker-7: Building] WARN  o.e.m.c.i.embedder.EclipseLogger - The POM for com.javatechie:swiggy-service-registry:jar:0.0.1-SNAPSHOT is missing, no dependency information available
2023-10-29 12:58:06,321 [Worker-7: Building] WARN  o.e.m.c.i.embedder.EclipseLogger - The POM for com.projectTwo:AS_PMT_Project_Service:jar:0.0.1-SNAPSHOT is missing, no dependency information available
2023-10-29 12:58:06,971 [Worker-7: Building] INFO  o.a.m.s.f.DefaultMavenResourcesFiltering - Copying 1 resource
2023-10-29 12:58:06,987 [Worker-7: Building] INFO  o.a.m.s.f.DefaultMavenResourcesFiltering - Copying 0 resource
2023-10-29 12:58:06,991 [Worker-7: Building] INFO  o.a.m.s.f.DefaultMavenResourcesFiltering - skip non existing resourceDirectory F:\UNI\ABS_PMT\workspace-spring-tool-suite-4-4.18.1.RELEASE\AS_PMT_Gateway\src\test\resources
2023-10-29 12:58:07,844 [Worker-7: Building] INFO  o.e.m.c.i.l.LifecycleMappingFactory - Using org.maven.ide.eclipse.wtp.WarLifecycleMapping lifecycle mapping for MavenProject: com.projectTwo:AS_PMT_Poker_Service:0.0.1-SNAPSHOT @ F:\UNI\ABS_PMT\workspace-spring-tool-suite-4-4.18.1.RELEASE\AS_PMT_Poker_Service\pom.xml.
2023-10-29 12:58:07,918 [Worker-5: Download sources and javadoc] ERROR o.e.m.j.internal.DownloadSourcesJob - Could not download sources for com.javatechie:swiggy-service-registry:0.0.1-SNAPSHOT
org.eclipse.core.runtime.CoreException: Could not resolve artifact com.javatechie:swiggy-service-registry:jar:sources:0.0.1-SNAPSHOT
	at org.eclipse.m2e.core.internal.embedder.MavenImpl.lambda$6(MavenImpl.java:584)
	at org.eclipse.m2e.core.internal.embedder.MavenExecutionContext.executeBare(MavenExecutionContext.java:394)
	at org.eclipse.m2e.core.internal.embedder.MavenExecutionContext.execute(MavenExecutionContext.java:228)
	at org.eclipse.m2e.core.internal.embedder.MavenExecutionContext.execute(MavenExecutionContext.java:214)
	at org.eclipse.m2e.core.internal.embedder.MavenImpl.resolve(MavenImpl.java:553)
	at org.eclipse.m2e.core.internal.embedder.MavenImpl.resolve(MavenImpl.java:538)
	at org.eclipse.m2e.jdt.internal.DownloadSourcesJob.download(DownloadSourcesJob.java:308)
	at org.eclipse.m2e.jdt.internal.DownloadSourcesJob.downloadAttachments(DownloadSourcesJob.java:282)
	at org.eclipse.m2e.jdt.internal.DownloadSourcesJob.downloadMaven(DownloadSourcesJob.java:252)
	at org.eclipse.m2e.jdt.internal.DownloadSourcesJob.downloadFilesAndPopulateToUpdate(DownloadSourcesJob.java:220)
	at org.eclipse.m2e.jdt.internal.DownloadSourcesJob.lambda$0(DownloadSourcesJob.java:149)
	at org.eclipse.m2e.core.internal.embedder.MavenExecutionContext.executeBare(MavenExecutionContext.java:394)
	at org.eclipse.m2e.core.internal.embedder.MavenExecutionContext.execute(MavenExecutionContext.java:275)
	at org.eclipse.m2e.core.internal.embedder.MavenExecutionContext.execute(MavenExecutionContext.java:214)
	at org.eclipse.m2e.core.embedder.IMaven.execute(IMaven.java:294)
	at org.eclipse.m2e.jdt.internal.DownloadSourcesJob.run(DownloadSourcesJob.java:149)
	at org.eclipse.core.internal.jobs.Worker.run(Worker.java:63)
2023-10-29 12:58:07,958 [Worker-5: Download sources and javadoc] ERROR o.e.m.j.internal.DownloadSourcesJob - Could not download javadoc for com.projectTwo:AS_PMT_Project_Service:0.0.1-SNAPSHOT
org.eclipse.core.runtime.CoreException: Could not resolve artifact com.projectTwo:AS_PMT_Project_Service:jar:javadoc:0.0.1-SNAPSHOT
	at org.eclipse.m2e.core.internal.embedder.MavenImpl.lambda$6(MavenImpl.java:584)
	at org.eclipse.m2e.core.internal.embedder.MavenExecutionContext.executeBare(MavenExecutionContext.java:394)
	at org.eclipse.m2e.core.internal.embedder.MavenExecutionContext.execute(MavenExecutionContext.java:228)
	at org.eclipse.m2e.core.internal.embedder.MavenExecutionContext.execute(MavenExecutionContext.java:214)
	at org.eclipse.m2e.core.internal.embedder.MavenImpl.resolve(MavenImpl.java:553)
	at org.eclipse.m2e.core.internal.embedder.MavenImpl.resolve(MavenImpl.java:538)
	at org.eclipse.m2e.jdt.internal.DownloadSourcesJob.download(DownloadSourcesJob.java:308)
	at org.eclipse.m2e.jdt.internal.DownloadSourcesJob.downloadAttachments(DownloadSourcesJob.java:294)
	at org.eclipse.m2e.jdt.internal.DownloadSourcesJob.downloadMaven(DownloadSourcesJob.java:252)
	at org.eclipse.m2e.jdt.internal.DownloadSourcesJob.downloadFilesAndPopulateToUpdate(DownloadSourcesJob.java:220)
	at org.eclipse.m2e.jdt.internal.DownloadSourcesJob.lambda$0(DownloadSourcesJob.java:149)
	at org.eclipse.m2e.core.internal.embedder.MavenExecutionContext.executeBare(MavenExecutionContext.java:394)
	at org.eclipse.m2e.core.internal.embedder.MavenExecutionContext.execute(MavenExecutionContext.java:275)
	at org.eclipse.m2e.core.internal.embedder.MavenExecutionContext.execute(MavenExecutionContext.java:214)
	at org.eclipse.m2e.core.embedder.IMaven.execute(IMaven.java:294)
	at org.eclipse.m2e.jdt.internal.DownloadSourcesJob.run(DownloadSourcesJob.java:149)
	at org.eclipse.core.internal.jobs.Worker.run(Worker.java:63)
2023-10-29 12:58:09,098 [Worker-7: Building] INFO  o.a.m.s.f.DefaultMavenResourcesFiltering - Copying 1 resource from src\main\resources to target\classes
2023-10-29 12:58:09,116 [Worker-7: Building] INFO  o.a.m.s.f.DefaultMavenResourcesFiltering - Copying 0 resource from src\main\resources to target\classes
2023-10-29 12:58:09,121 [Worker-7: Building] INFO  o.a.m.s.f.DefaultMavenResourcesFiltering - skip non existing resourceDirectory F:\UNI\ABS_PMT\workspace-spring-tool-suite-4-4.18.1.RELEASE\AS_PMT_Poker_Service\src\test\resources
2023-10-29 12:58:09,876 [Worker-4: Building] INFO  o.e.m.c.i.l.LifecycleMappingFactory - Using org.maven.ide.eclipse.wtp.WarLifecycleMapping lifecycle mapping for MavenProject: com.projectTwo:AS_PMT_Project_Service:0.0.1-SNAPSHOT @ F:\UNI\ABS_PMT\workspace-spring-tool-suite-4-4.18.1.RELEASE\AS_PMT_Project_Service\pom.xml.
2023-10-29 12:58:10,592 [Worker-4: Building] INFO  o.e.m.c.i.l.LifecycleMappingFactory - Using org.eclipse.m2e.jdt.JarLifecycleMapping lifecycle mapping for MavenProject: com.projectTwo:ASPMT-GATEWAY:0.0.1-SNAPSHOT @ F:\UNI\ABS_PMT\workspace-spring-tool-suite-4-4.18.1.RELEASE\AS_PMT_Gateway\pom.xml.
2023-10-29 12:58:10,847 [Worker-4: Building] WARN  o.e.m.c.i.embedder.EclipseLogger - The POM for com.javatechie:swiggy-service-registry:jar:0.0.1-SNAPSHOT is missing, no dependency information available
2023-10-29 12:58:10,939 [Worker-4: Building] INFO  o.e.m.c.i.p.WorkspaceClassifierResolverManager - Resolving P/AS_PMT_Project_Service: com.projectTwo:AS_PMT_Project_Service:0.0.1-SNAPSHOT with classifier  to /AS_PMT_Project_Service/target/classes
2023-10-29 12:58:11,826 [Worker-4: Building] INFO  o.a.m.s.f.DefaultMavenResourcesFiltering - Copying 1 resource from src\main\resources to target\classes
2023-10-29 12:58:11,836 [Worker-4: Building] INFO  o.a.m.s.f.DefaultMavenResourcesFiltering - Copying 0 resource from src\main\resources to target\classes
2023-10-29 12:58:11,839 [Worker-4: Building] INFO  o.a.m.s.f.DefaultMavenResourcesFiltering - skip non existing resourceDirectory F:\UNI\ABS_PMT\workspace-spring-tool-suite-4-4.18.1.RELEASE\AS_PMT_Project_Service\src\test\resources
2023-10-29 12:58:12,217 [Worker-4: Building] INFO  o.e.m.c.i.l.LifecycleMappingFactory - Using org.maven.ide.eclipse.wtp.WarLifecycleMapping lifecycle mapping for MavenProject: com.projectTwo:AS_PMT_Project_User_Service:0.0.1-SNAPSHOT @ F:\UNI\ABS_PMT\workspace-spring-tool-suite-4-4.18.1.RELEASE\AS_PMT_Project_User_Service\pom.xml.
2023-10-29 12:58:12,725 [Worker-12: Download sources and javadoc] ERROR o.e.m.j.internal.DownloadSourcesJob - Could not download javadoc for com.javatechie:swiggy-service-registry:0.0.1-SNAPSHOT
org.eclipse.core.runtime.CoreException: Could not resolve artifact com.javatechie:swiggy-service-registry:jar:javadoc:0.0.1-SNAPSHOT
	at org.eclipse.m2e.core.internal.embedder.MavenImpl.lambda$6(MavenImpl.java:584)
	at org.eclipse.m2e.core.internal.embedder.MavenExecutionContext.executeBare(MavenExecutionContext.java:394)
	at org.eclipse.m2e.core.internal.embedder.MavenExecutionContext.execute(MavenExecutionContext.java:228)
	at org.eclipse.m2e.core.internal.embedder.MavenExecutionContext.execute(MavenExecutionContext.java:214)
	at org.eclipse.m2e.core.internal.embedder.MavenImpl.resolve(MavenImpl.java:553)
	at org.eclipse.m2e.core.internal.embedder.MavenImpl.resolve(MavenImpl.java:538)
	at org.eclipse.m2e.jdt.internal.DownloadSourcesJob.download(DownloadSourcesJob.java:308)
	at org.eclipse.m2e.jdt.internal.DownloadSourcesJob.downloadAttachments(DownloadSourcesJob.java:294)
	at org.eclipse.m2e.jdt.internal.DownloadSourcesJob.downloadMaven(DownloadSourcesJob.java:252)
	at org.eclipse.m2e.jdt.internal.DownloadSourcesJob.downloadFilesAndPopulateToUpdate(DownloadSourcesJob.java:220)
	at org.eclipse.m2e.jdt.internal.DownloadSourcesJob.lambda$0(DownloadSourcesJob.java:149)
	at org.eclipse.m2e.core.internal.embedder.MavenExecutionContext.executeBare(MavenExecutionContext.java:394)
	at org.eclipse.m2e.core.internal.embedder.MavenExecutionContext.execute(MavenExecutionContext.java:275)
	at org.eclipse.m2e.core.internal.embedder.MavenExecutionContext.execute(MavenExecutionContext.java:214)
	at org.eclipse.m2e.core.embedder.IMaven.execute(IMaven.java:294)
	at org.eclipse.m2e.jdt.internal.DownloadSourcesJob.run(DownloadSourcesJob.java:149)
	at org.eclipse.core.internal.jobs.Worker.run(Worker.java:63)
2023-10-29 12:58:12,929 [Worker-4: Building] INFO  o.a.m.s.f.DefaultMavenResourcesFiltering - Copying 1 resource from src\main\resources to target\classes
2023-10-29 12:58:12,938 [Worker-4: Building] INFO  o.a.m.s.f.DefaultMavenResourcesFiltering - Copying 0 resource from src\main\resources to target\classes
2023-10-29 12:58:12,940 [Worker-4: Building] INFO  o.a.m.s.f.DefaultMavenResourcesFiltering - skip non existing resourceDirectory F:\UNI\ABS_PMT\workspace-spring-tool-suite-4-4.18.1.RELEASE\AS_PMT_Project_User_Service\src\test\resources
2023-10-29 12:58:13,156 [Worker-4: Building] INFO  o.e.m.c.i.l.LifecycleMappingFactory - Using org.eclipse.m2e.jdt.JarLifecycleMapping lifecycle mapping for MavenProject: com.javatechie:swiggy-service-registry:0.0.1-SNAPSHOT @ F:\UNI\ABS_PMT\workspace-spring-tool-suite-4-4.18.1.RELEASE\AS_PMT_Service_Registry\pom.xml.
2023-10-29 12:58:13,501 [Worker-4: Building] INFO  o.e.m.c.i.l.LifecycleMappingFactory - Using org.eclipse.m2e.jdt.JarLifecycleMapping lifecycle mapping for MavenProject: com.projectTwo:ASPMT-GATEWAY:0.0.1-SNAPSHOT @ F:\UNI\ABS_PMT\workspace-spring-tool-suite-4-4.18.1.RELEASE\AS_PMT_Gateway\pom.xml.
2023-10-29 12:58:13,673 [Worker-4: Building] INFO  o.e.m.c.i.p.WorkspaceClassifierResolverManager - Resolving P/AS_PMT_Service_Registry: com.javatechie:swiggy-service-registry:0.0.1-SNAPSHOT with classifier  to /AS_PMT_Service_Registry/target/classes
2023-10-29 12:58:13,677 [Worker-4: Building] INFO  o.e.m.c.i.p.WorkspaceClassifierResolverManager - Resolving P/AS_PMT_Project_Service: com.projectTwo:AS_PMT_Project_Service:0.0.1-SNAPSHOT with classifier  to /AS_PMT_Project_Service/target/classes
2023-10-29 12:58:14,442 [Worker-4: Building] INFO  o.a.m.s.f.DefaultMavenResourcesFiltering - Copying 1 resource
2023-10-29 12:58:14,451 [Worker-4: Building] INFO  o.a.m.s.f.DefaultMavenResourcesFiltering - Copying 0 resource
2023-10-29 12:58:14,453 [Worker-4: Building] INFO  o.a.m.s.f.DefaultMavenResourcesFiltering - skip non existing resourceDirectory F:\UNI\ABS_PMT\workspace-spring-tool-suite-4-4.18.1.RELEASE\AS_PMT_Service_Registry\src\test\resources
2023-10-29 12:58:15,975 [Worker-6: Building] INFO  o.e.m.c.i.l.LifecycleMappingFactory - Using org.eclipse.m2e.jdt.JarLifecycleMapping lifecycle mapping for MavenProject: com.projectTwo:AUTH-SERVICE:0.0.1-SNAPSHOT @ F:\UNI\ABS_PMT\workspace-spring-tool-suite-4-4.18.1.RELEASE\AS_PMT_UserAuth_Service\pom.xml.
2023-10-29 12:58:16,185 [Worker-6: Building] WARN  o.e.m.c.i.embedder.EclipseLogger - The POM for com.projectTwo:AS_PMT_UserProfile_Service:jar:0.0.1-SNAPSHOT is missing, no dependency information available
2023-10-29 12:58:16,596 [Worker-6: Building] INFO  o.a.m.s.f.DefaultMavenResourcesFiltering - Copying 1 resource
2023-10-29 12:58:16,607 [Worker-6: Building] INFO  o.a.m.s.f.DefaultMavenResourcesFiltering - Copying 0 resource
2023-10-29 12:58:16,611 [Worker-6: Building] INFO  o.a.m.s.f.DefaultMavenResourcesFiltering - skip non existing resourceDirectory F:\UNI\ABS_PMT\workspace-spring-tool-suite-4-4.18.1.RELEASE\AS_PMT_UserAuth_Service\src\test\resources
2023-10-29 12:58:17,274 [Worker-8: Building] INFO  o.e.m.c.i.l.LifecycleMappingFactory - Using org.maven.ide.eclipse.wtp.WarLifecycleMapping lifecycle mapping for MavenProject: com.projectTwo:AS_PMT_UserProfile_Service:0.0.1-SNAPSHOT @ F:\UNI\ABS_PMT\workspace-spring-tool-suite-4-4.18.1.RELEASE\AS_PMT_UserProfile_Service\pom.xml.
2023-10-29 12:58:17,540 [Worker-5: Download sources and javadoc] ERROR o.e.m.j.internal.DownloadSourcesJob - Could not download javadoc for com.projectTwo:AS_PMT_UserProfile_Service:0.0.1-SNAPSHOT
org.eclipse.core.runtime.CoreException: Could not resolve artifact com.projectTwo:AS_PMT_UserProfile_Service:jar:javadoc:0.0.1-SNAPSHOT
	at org.eclipse.m2e.core.internal.embedder.MavenImpl.lambda$6(MavenImpl.java:584)
	at org.eclipse.m2e.core.internal.embedder.MavenExecutionContext.executeBare(MavenExecutionContext.java:394)
	at org.eclipse.m2e.core.internal.embedder.MavenExecutionContext.execute(MavenExecutionContext.java:228)
	at org.eclipse.m2e.core.internal.embedder.MavenExecutionContext.execute(MavenExecutionContext.java:214)
	at org.eclipse.m2e.core.internal.embedder.MavenImpl.resolve(MavenImpl.java:553)
	at org.eclipse.m2e.core.internal.embedder.MavenImpl.resolve(MavenImpl.java:538)
	at org.eclipse.m2e.jdt.internal.DownloadSourcesJob.download(DownloadSourcesJob.java:308)
	at org.eclipse.m2e.jdt.internal.DownloadSourcesJob.downloadAttachments(DownloadSourcesJob.java:294)
	at org.eclipse.m2e.jdt.internal.DownloadSourcesJob.downloadMaven(DownloadSourcesJob.java:252)
	at org.eclipse.m2e.jdt.internal.DownloadSourcesJob.downloadFilesAndPopulateToUpdate(DownloadSourcesJob.java:220)
	at org.eclipse.m2e.jdt.internal.DownloadSourcesJob.lambda$0(DownloadSourcesJob.java:149)
	at org.eclipse.m2e.core.internal.embedder.MavenExecutionContext.executeBare(MavenExecutionContext.java:394)
	at org.eclipse.m2e.core.internal.embedder.MavenExecutionContext.execute(MavenExecutionContext.java:275)
	at org.eclipse.m2e.core.internal.embedder.MavenExecutionContext.execute(MavenExecutionContext.java:214)
	at org.eclipse.m2e.core.embedder.IMaven.execute(IMaven.java:294)
	at org.eclipse.m2e.jdt.internal.DownloadSourcesJob.run(DownloadSourcesJob.java:149)
	at org.eclipse.core.internal.jobs.Worker.run(Worker.java:63)
2023-10-29 12:58:17,635 [Worker-8: Building] INFO  o.e.m.c.i.l.LifecycleMappingFactory - Using org.eclipse.m2e.jdt.JarLifecycleMapping lifecycle mapping for MavenProject: com.projectTwo:AUTH-SERVICE:0.0.1-SNAPSHOT @ F:\UNI\ABS_PMT\workspace-spring-tool-suite-4-4.18.1.RELEASE\AS_PMT_UserAuth_Service\pom.xml.
2023-10-29 12:58:17,819 [Worker-8: Building] INFO  o.e.m.c.i.p.WorkspaceClassifierResolverManager - Resolving P/AS_PMT_UserPerofile_Service: com.projectTwo:AS_PMT_UserProfile_Service:0.0.1-SNAPSHOT with classifier  to /AS_PMT_UserPerofile_Service/target/classes
2023-10-29 12:58:18,679 [Worker-8: Building] INFO  o.a.m.s.f.DefaultMavenResourcesFiltering - Copying 1 resource from src\main\resources to target\classes
2023-10-29 12:58:18,690 [Worker-8: Building] INFO  o.a.m.s.f.DefaultMavenResourcesFiltering - Copying 0 resource from src\main\resources to target\classes
2023-10-29 12:58:18,694 [Worker-8: Building] INFO  o.a.m.s.f.DefaultMavenResourcesFiltering - skip non existing resourceDirectory F:\UNI\ABS_PMT\workspace-spring-tool-suite-4-4.18.1.RELEASE\AS_PMT_UserProfile_Service\src\test\resources
2023-10-29 12:58:19,104 [Worker-8: Building] INFO  o.e.m.c.i.l.LifecycleMappingFactory - Using org.maven.ide.eclipse.wtp.WarLifecycleMapping lifecycle mapping for MavenProject: com.projectTwo:AS_PMT_UserStory_Service-1:0.0.1-SNAPSHOT @ F:\UNI\ABS_PMT\workspace-spring-tool-suite-4-4.18.1.RELEASE\AS_PMT_UserStory_Service\pom.xml.
2023-10-29 12:58:19,898 [Worker-8: Building] INFO  o.a.m.s.f.DefaultMavenResourcesFiltering - Copying 1 resource from src\main\resources to target\classes
2023-10-29 12:58:19,908 [Worker-8: Building] INFO  o.a.m.s.f.DefaultMavenResourcesFiltering - Copying 0 resource from src\main\resources to target\classes
2023-10-29 12:58:19,910 [Worker-8: Building] INFO  o.a.m.s.f.DefaultMavenResourcesFiltering - skip non existing resourceDirectory F:\UNI\ABS_PMT\workspace-spring-tool-suite-4-4.18.1.RELEASE\AS_PMT_UserStory_Service\src\test\resources
2023-10-29 12:58:20,230 [Worker-8: Building] INFO  o.e.m.c.i.l.LifecycleMappingFactory - Using org.maven.ide.eclipse.wtp.WarLifecycleMapping lifecycle mapping for MavenProject: com.projectTwo:AS_PMT_User_Project_Relation_Service:0.0.1-SNAPSHOT @ F:\UNI\ABS_PMT\workspace-spring-tool-suite-4-4.18.1.RELEASE\AS_PMT_User_Project_Relation_Service\pom.xml.
2023-10-29 12:58:20,969 [Worker-8: Building] INFO  o.a.m.s.f.DefaultMavenResourcesFiltering - Copying 1 resource from src\main\resources to target\classes
2023-10-29 12:58:20,981 [Worker-8: Building] INFO  o.a.m.s.f.DefaultMavenResourcesFiltering - Copying 0 resource from src\main\resources to target\classes
2023-10-29 12:58:20,984 [Worker-8: Building] INFO  o.a.m.s.f.DefaultMavenResourcesFiltering - skip non existing resourceDirectory F:\UNI\ABS_PMT\workspace-spring-tool-suite-4-4.18.1.RELEASE\AS_PMT_User_Project_Relation_Service\src\test\resources
2023-10-29 12:58:28,756 [Worker-11: Building] INFO  o.e.m.c.i.l.LifecycleMappingFactory - Using org.maven.ide.eclipse.wtp.WarLifecycleMapping lifecycle mapping for MavenProject: com.projectTwo:AS_PMT_UserProfile_Service:0.0.1-SNAPSHOT @ F:\UNI\ABS_PMT\workspace-spring-tool-suite-4-4.18.1.RELEASE\AS_PMT_UserProfile_Service\pom.xml.
2023-10-29 12:58:29,026 [Worker-11: Building] INFO  o.e.m.c.i.l.LifecycleMappingFactory - Using org.eclipse.m2e.jdt.JarLifecycleMapping lifecycle mapping for MavenProject: com.projectTwo:AUTH-SERVICE:0.0.1-SNAPSHOT @ F:\UNI\ABS_PMT\workspace-spring-tool-suite-4-4.18.1.RELEASE\AS_PMT_UserAuth_Service\pom.xml.
2023-10-29 12:58:29,143 [Worker-11: Building] INFO  o.e.m.c.i.p.WorkspaceClassifierResolverManager - Resolving P/AS_PMT_UserProfile_Service: com.projectTwo:AS_PMT_UserProfile_Service:0.0.1-SNAPSHOT with classifier  to /AS_PMT_UserProfile_Service/target/classes
2023-10-29 12:58:29,767 [Worker-11: Building] INFO  o.a.m.s.f.DefaultMavenResourcesFiltering - Copying 1 resource from src\main\resources to target\classes
2023-10-29 12:58:29,768 [Worker-11: Building] INFO  o.a.m.s.f.DefaultMavenResourcesFiltering - Copying 0 resource from src\main\resources to target\classes
2023-10-29 12:58:29,770 [Worker-11: Building] INFO  o.a.m.s.f.DefaultMavenResourcesFiltering - skip non existing resourceDirectory F:\UNI\ABS_PMT\workspace-spring-tool-suite-4-4.18.1.RELEASE\AS_PMT_UserProfile_Service\src\test\resources
2023-10-29 12:58:30,080 [Worker-5: Updating Maven Dependencies] INFO  o.e.m.c.i.l.LifecycleMappingFactory - Using org.eclipse.m2e.jdt.JarLifecycleMapping lifecycle mapping for MavenProject: com.projectTwo:AUTH-SERVICE:0.0.1-SNAPSHOT @ F:\UNI\ABS_PMT\workspace-spring-tool-suite-4-4.18.1.RELEASE\AS_PMT_UserAuth_Service\pom.xml.
2023-10-29 12:58:30,313 [Worker-5: Updating Maven Dependencies] INFO  o.e.m.c.i.p.WorkspaceClassifierResolverManager - Resolving P/AS_PMT_UserProfile_Service: com.projectTwo:AS_PMT_UserProfile_Service:0.0.1-SNAPSHOT with classifier  to /AS_PMT_UserProfile_Service/target/classes
2023-10-29 12:58:53,053 [Worker-8: Building] INFO  o.a.m.s.f.DefaultMavenResourcesFiltering - Copying 1 resource from src\main\resources to target\classes
2023-10-29 12:58:53,064 [Worker-8: Building] INFO  o.a.m.s.f.DefaultMavenResourcesFiltering - Copying 0 resource from src\main\resources to target\classes
2023-10-29 12:58:53,067 [Worker-8: Building] INFO  o.a.m.s.f.DefaultMavenResourcesFiltering - skip non existing resourceDirectory F:\UNI\ABS_PMT\workspace-spring-tool-suite-4-4.18.1.RELEASE\AS_PMT_UserProfile_Service\src\test\resources
2023-10-29 12:59:45,282 [Worker-7: Launching AS_PMT_Gateway - AsPmtGatewayApplication] INFO  o.e.m.c.i.p.WorkspaceClassifierResolverManager - Resolving P/AS_PMT_Service_Registry: com.javatechie:swiggy-service-registry:0.0.1-SNAPSHOT with classifier null to /AS_PMT_Service_Registry/target/classes
2023-10-29 12:59:45,283 [Worker-7: Launching AS_PMT_Gateway - AsPmtGatewayApplication] INFO  o.e.m.c.i.p.WorkspaceClassifierResolverManager - Resolving P/AS_PMT_Project_Service: com.projectTwo:AS_PMT_Project_Service:0.0.1-SNAPSHOT with classifier null to /AS_PMT_Project_Service/target/classes
2023-10-29 12:59:45,573 [Worker-7: Launching AS_PMT_Gateway - AsPmtGatewayApplication] INFO  o.e.m.c.i.p.WorkspaceClassifierResolverManager - Resolving P/AS_PMT_Service_Registry: com.javatechie:swiggy-service-registry:0.0.1-SNAPSHOT with classifier null to /AS_PMT_Service_Registry/target/classes
2023-10-29 12:59:45,573 [Worker-7: Launching AS_PMT_Gateway - AsPmtGatewayApplication] INFO  o.e.m.c.i.p.WorkspaceClassifierResolverManager - Resolving P/AS_PMT_Project_Service: com.projectTwo:AS_PMT_Project_Service:0.0.1-SNAPSHOT with classifier null to /AS_PMT_Project_Service/target/classes
2023-10-29 12:59:45,864 [Worker-7: Launching AS_PMT_Gateway - AsPmtGatewayApplication] INFO  o.e.m.c.i.p.WorkspaceClassifierResolverManager - Resolving P/AS_PMT_Service_Registry: com.javatechie:swiggy-service-registry:0.0.1-SNAPSHOT with classifier null to /AS_PMT_Service_Registry/target/classes
2023-10-29 12:59:45,864 [Worker-7: Launching AS_PMT_Gateway - AsPmtGatewayApplication] INFO  o.e.m.c.i.p.WorkspaceClassifierResolverManager - Resolving P/AS_PMT_Project_Service: com.projectTwo:AS_PMT_Project_Service:0.0.1-SNAPSHOT with classifier null to /AS_PMT_Project_Service/target/classes
